{"name": "При создании нового заказа счётчик Выполнено за сегодня увеличивается", "status": "broken", "statusDetails": {"message": "selenium.common.exceptions.TimeoutException: Message: Не найден элемент = ('xpath', \"//p[text()='Выполнено за сегодня:']/following-sibling::p[1]\")\nStacktrace:\n\tGetHandleVerifier [0x00311673+52979]\n\t(No symbol) [0x00297961]\n\t(No symbol) [0x0017DD3D]\n\t(No symbol) [0x001B5FBB]\n\t(No symbol) [0x001B60FB]\n\t(No symbol) [0x001ECF92]\n\t(No symbol) [0x001D4534]\n\t(No symbol) [0x001EB3FE]\n\t(No symbol) [0x001D4286]\n\t(No symbol) [0x001AC063]\n\t(No symbol) [0x001ACECD]\n\tGetHandleVerifier [0x00628D83+3294723]\n\tGetHandleVerifier [0x00666CC2+3548482]\n\tGetHandleVerifier [0x00661C9C+3527964]\n\tGetHandleVerifier [0x003A870E+671630]\n\t(No symbol) [0x002A1EB4]\n\t(No symbol) [0x0029D808]\n\t(No symbol) [0x0029D92D]\n\t(No symbol) [0x0028F7E0]\n\tBaseThreadInitThunk [0x77597BA9+25]\n\tRtlInitializeExceptionChain [0x7788BD2B+107]\n\tRtlClearBits [0x7788BCAF+191]\n\t(No symbol) [0x00000000]", "trace": "self = <tests.test_order_feed.TestOrderFeedPage object at 0x000001C56C2AB190>, log_in = <selenium.webdriver.chrome.webdriver.WebDriver (session=\"ca953a82bbdc9003ffe5077eb22ec355\")>\n\n    @allure.title('При создании нового заказа счётчик Выполнено за сегодня увеличивается')\n    @allure.description(\n        'Логинимся готовым пользователем, сохраняем текущее количество заказов в разделе \"Выполнено за сегодня\"'\n        '\"Ленты заказов\", создаем один заказ, сохраняем количество заказов в разделе \"Выполнено за сегодня\"'\n        '\"Ленты заказов\" и сравниваем сохраненные значение до и после заказа')\n    def test_when_new_order_is_created_the_completed_counter_for_today_increases(self, log_in):\n        page = MainPageHelper(log_in)\n        page.click_on_the_order_feed()\n        counter_orders = page.get_the_number_of_orders_for_today_in_the_order_feed_section()\n        page.open_url(TestDataUrl.MAIN_URL)\n        page.drag_item_to_order()\n        page.click_on_the_place_an_order_button()\n        page.disappearance_of_invalid_id_in_the_order_id_modal_window()\n        page.close_modal_window_id_order()\n        page.click_on_the_order_feed()\n>       counter_orders_udp = page.get_the_number_of_orders_for_today_in_the_order_feed_section()\n\ntests\\test_order_feed.py:61: \n_ _ _ _ _ _ _ _ _ _ _ _ _ _ _ _ _ _ _ _ _ _ _ _ _ _ _ _ _ _ _ _ _ _ _ _ _ _ _ _ _ _ _ _ _ _ _ _ _ _ _ _ _ _ _ _ _ _ _ _ _ _ _ _ _ _ _ _ _ _ _ _ _ _ _ _ _ _ _ _ _ _ _ _ _ _ _ _ _ _\npages\\main_page.py:111: in get_the_number_of_orders_for_today_in_the_order_feed_section\n    return self.find_element(locator=MainPageLocators.COUNTER_COMPLETED_TODAY).text\npages\\base_page.py:19: in find_element\n    .until(EC.presence_of_element_located(locator),\n_ _ _ _ _ _ _ _ _ _ _ _ _ _ _ _ _ _ _ _ _ _ _ _ _ _ _ _ _ _ _ _ _ _ _ _ _ _ _ _ _ _ _ _ _ _ _ _ _ _ _ _ _ _ _ _ _ _ _ _ _ _ _ _ _ _ _ _ _ _ _ _ _ _ _ _ _ _ _ _ _ _ _ _ _ _ _ _ _ _\n\nself = <selenium.webdriver.support.wait.WebDriverWait (session=\"ca953a82bbdc9003ffe5077eb22ec355\")>\nmethod = <function presence_of_element_located.<locals>._predicate at 0x000001C56C97FB00>\nmessage = 'Не найден элемент = (\\'xpath\\', \"//p[text()=\\'Выполнено за сегодня:\\']/following-sibling::p[1]\")'\n\n    def until(self, method: Callable[[D], Union[Literal[False], T]], message: str = \"\") -> T:\n        \"\"\"Calls the method provided with the driver as an argument until the \\\n        return value does not evaluate to ``False``.\n    \n        :param method: callable(WebDriver)\n        :param message: optional message for :exc:`TimeoutException`\n        :returns: the result of the last call to `method`\n        :raises: :exc:`selenium.common.exceptions.TimeoutException` if timeout occurs\n        \"\"\"\n        screen = None\n        stacktrace = None\n    \n        end_time = time.monotonic() + self._timeout\n        while True:\n            try:\n                value = method(self._driver)\n                if value:\n                    return value\n            except self._ignored_exceptions as exc:\n                screen = getattr(exc, \"screen\", None)\n                stacktrace = getattr(exc, \"stacktrace\", None)\n            time.sleep(self._poll)\n            if time.monotonic() > end_time:\n                break\n>       raise TimeoutException(message, screen, stacktrace)\nE       selenium.common.exceptions.TimeoutException: Message: Не найден элемент = ('xpath', \"//p[text()='Выполнено за сегодня:']/following-sibling::p[1]\")\nE       Stacktrace:\nE       \tGetHandleVerifier [0x00311673+52979]\nE       \t(No symbol) [0x00297961]\nE       \t(No symbol) [0x0017DD3D]\nE       \t(No symbol) [0x001B5FBB]\nE       \t(No symbol) [0x001B60FB]\nE       \t(No symbol) [0x001ECF92]\nE       \t(No symbol) [0x001D4534]\nE       \t(No symbol) [0x001EB3FE]\nE       \t(No symbol) [0x001D4286]\nE       \t(No symbol) [0x001AC063]\nE       \t(No symbol) [0x001ACECD]\nE       \tGetHandleVerifier [0x00628D83+3294723]\nE       \tGetHandleVerifier [0x00666CC2+3548482]\nE       \tGetHandleVerifier [0x00661C9C+3527964]\nE       \tGetHandleVerifier [0x003A870E+671630]\nE       \t(No symbol) [0x002A1EB4]\nE       \t(No symbol) [0x0029D808]\nE       \t(No symbol) [0x0029D92D]\nE       \t(No symbol) [0x0028F7E0]\nE       \tBaseThreadInitThunk [0x77597BA9+25]\nE       \tRtlInitializeExceptionChain [0x7788BD2B+107]\nE       \tRtlClearBits [0x7788BCAF+191]\nE       \t(No symbol) [0x00000000]\n\nvenv\\Lib\\site-packages\\selenium\\webdriver\\support\\wait.py:105: TimeoutException"}, "description": "Логинимся готовым пользователем, сохраняем текущее количество заказов в разделе \"Выполнено за сегодня\"\"Ленты заказов\", создаем один заказ, сохраняем количество заказов в разделе \"Выполнено за сегодня\"\"Ленты заказов\" и сравниваем сохраненные значение до и после заказа", "steps": [{"name": "Создаем объекта класса BasePage", "status": "passed", "parameters": [{"name": "driver", "value": "<selenium.webdriver.chrome.webdriver.WebDriver (session=\"ca953a82bbdc9003ffe5077eb22ec355\")>"}], "start": 1707758619989, "stop": 1707758619989}, {"name": "Клик по кнопке 'Лента заказов'", "status": "passed", "steps": [{"name": "Ожидание и клик по элементу", "status": "passed", "steps": [{"name": "Найти элемент с ожиданием", "status": "passed", "parameters": [{"name": "locator", "value": "('xpath', \".//p[text()='Лента Заказов']\")"}, {"name": "wait_time", "value": "10"}], "start": 1707758619989, "stop": 1707758619997}], "parameters": [{"name": "locator", "value": "('xpath', \".//p[text()='Лента Заказов']\")"}, {"name": "wait_time", "value": "10"}], "start": 1707758619989, "stop": 1707758620432}], "start": 1707758619989, "stop": 1707758620432}, {"name": "Получить количество заказов 'Выполнено за сегодня' в разделе 'Лента заказов'", "status": "passed", "steps": [{"name": "Найти элемент с ожиданием", "status": "passed", "parameters": [{"name": "locator", "value": "('xpath', \"//p[text()='Выполнено за сегодня:']/following-sibling::p[1]\")"}, {"name": "wait_time", "value": "10"}], "start": 1707758620432, "stop": 1707758620950}], "start": 1707758620432, "stop": 1707758620960}, {"name": "Открыть страницу по URL", "status": "passed", "parameters": [{"name": "url", "value": "'https://stellarburgers.nomoreparties.site/'"}], "start": 1707758620960, "stop": 1707758621174}, {"name": "Перемещение элемента в заказ", "status": "passed", "steps": [{"name": "Найти элемент с ожиданием", "status": "passed", "parameters": [{"name": "locator", "value": "('xpath', \".//a[@href='/ingredient/61c0c5a71d1f82001bdaaa6d']\")"}, {"name": "wait_time", "value": "10"}], "start": 1707758621175, "stop": 1707758621691}, {"name": "Найти элемент с ожиданием", "status": "passed", "parameters": [{"name": "locator", "value": "('xpath', \".//ul[@class='BurgerConstructor_basket__list__l9dp_']\")"}, {"name": "wait_time", "value": "10"}], "start": 1707758621691, "stop": 1707758621699}, {"name": "Переместить элемент на другое место на странице", "status": "passed", "parameters": [{"name": "element_to_drag", "value": "<selenium.webdriver.remote.webelement.WebElement (session=\"ca953a82bbdc9003ffe5077eb22ec355\", element=\"199DD7870F088B2FFD5A6E2E980ACF10_element_49\")>"}, {"name": "target_location", "value": "<selenium.webdriver.remote.webelement.WebElement (session=\"ca953a82bbdc9003ffe5077eb22ec355\", element=\"199DD7870F088B2FFD5A6E2E980ACF10_element_50\")>"}], "start": 1707758621699, "stop": 1707758622270}], "start": 1707758621175, "stop": 1707758622270}, {"name": "Кликнуть по кнопке 'Оформить заказ'", "status": "passed", "steps": [{"name": "Ожидание и клик по элементу", "status": "passed", "steps": [{"name": "Найти элемент с ожиданием", "status": "passed", "parameters": [{"name": "locator", "value": "('xpath', \".//button[text()='Оформить заказ']\")"}, {"name": "wait_time", "value": "10"}], "start": 1707758622270, "stop": 1707758622279}], "parameters": [{"name": "locator", "value": "('xpath', \".//button[text()='Оформить заказ']\")"}, {"name": "wait_time", "value": "10"}], "start": 1707758622270, "stop": 1707758622310}], "start": 1707758622270, "stop": 1707758622310}, {"name": "Ожидаем исчезновения id 99999 в модальном окне 'Идентификатор заказа'", "status": "passed", "steps": [{"name": "Ожидаем исчезновения текста в элементе", "status": "passed", "parameters": [{"name": "locator", "value": "('xpath', \".//h2[@class='Modal_modal__title_shadow__3ikwq Modal_modal__title__2L34m text text_type_digits-large mb-8']\")"}, {"name": "text_in_element", "value": "'9999'"}], "start": 1707758622310, "stop": 1707758622324}], "start": 1707758622310, "stop": 1707758622324}, {"name": "Закрыть модальное окно 'Идентификатор заказа'", "status": "passed", "steps": [{"name": "Ожидание кликабельного элемента", "status": "passed", "parameters": [{"name": "locator", "value": "('xpath', \".//button[@class='Modal_modal__close_modified__3V5XS Modal_modal__close__TnseK']\")"}, {"name": "wait_time", "value": "10"}], "start": 1707758622324, "stop": 1707758622871}], "start": 1707758622324, "stop": 1707758623306}, {"name": "Клик по кнопке 'Лента заказов'", "status": "passed", "steps": [{"name": "Ожидание и клик по элементу", "status": "passed", "steps": [{"name": "Найти элемент с ожиданием", "status": "passed", "parameters": [{"name": "locator", "value": "('xpath', \".//p[text()='Лента Заказов']\")"}, {"name": "wait_time", "value": "10"}], "start": 1707758623306, "stop": 1707758623313}], "parameters": [{"name": "locator", "value": "('xpath', \".//p[text()='Лента Заказов']\")"}, {"name": "wait_time", "value": "10"}], "start": 1707758623306, "stop": 1707758623542}], "start": 1707758623306, "stop": 1707758623542}, {"name": "Получить количество заказов 'Выполнено за сегодня' в разделе 'Лента заказов'", "status": "broken", "statusDetails": {"message": "selenium.common.exceptions.TimeoutException: Message: Не найден элемент = ('xpath', \"//p[text()='Выполнено за сегодня:']/following-sibling::p[1]\")\nStacktrace:\n\tGetHandleVerifier [0x00311673+52979]\n\t(No symbol) [0x00297961]\n\t(No symbol) [0x0017DD3D]\n\t(No symbol) [0x001B5FBB]\n\t(No symbol) [0x001B60FB]\n\t(No symbol) [0x001ECF92]\n\t(No symbol) [0x001D4534]\n\t(No symbol) [0x001EB3FE]\n\t(No symbol) [0x001D4286]\n\t(No symbol) [0x001AC063]\n\t(No symbol) [0x001ACECD]\n\tGetHandleVerifier [0x00628D83+3294723]\n\tGetHandleVerifier [0x00666CC2+3548482]\n\tGetHandleVerifier [0x00661C9C+3527964]\n\tGetHandleVerifier [0x003A870E+671630]\n\t(No symbol) [0x002A1EB4]\n\t(No symbol) [0x0029D808]\n\t(No symbol) [0x0029D92D]\n\t(No symbol) [0x0028F7E0]\n\tBaseThreadInitThunk [0x77597BA9+25]\n\tRtlInitializeExceptionChain [0x7788BD2B+107]\n\tRtlClearBits [0x7788BCAF+191]\n\t(No symbol) [0x00000000]\n\n", "trace": "  File \"C:\\Users\\galli\\Diplom\\Diplom_3\\venv\\Lib\\site-packages\\allure_commons\\_allure.py\", line 192, in impl\n    return func(*a, **kw)\n           ^^^^^^^^^^^^^^\n  File \"C:\\Users\\galli\\Diplom\\Diplom_3\\pages\\main_page.py\", line 111, in get_the_number_of_orders_for_today_in_the_order_feed_section\n    return self.find_element(locator=MainPageLocators.COUNTER_COMPLETED_TODAY).text\n           ^^^^^^^^^^^^^^^^^^^^^^^^^^^^^^^^^^^^^^^^^^^^^^^^^^^^^^^^^^^^^^^^^^^\n  File \"C:\\Users\\galli\\Diplom\\Diplom_3\\venv\\Lib\\site-packages\\allure_commons\\_allure.py\", line 192, in impl\n    return func(*a, **kw)\n           ^^^^^^^^^^^^^^\n  File \"C:\\Users\\galli\\Diplom\\Diplom_3\\pages\\base_page.py\", line 19, in find_element\n    .until(EC.presence_of_element_located(locator),\n     ^^^^^^^^^^^^^^^^^^^^^^^^^^^^^^^^^^^^^^^^^^^^^^\n  File \"C:\\Users\\galli\\Diplom\\Diplom_3\\venv\\Lib\\site-packages\\selenium\\webdriver\\support\\wait.py\", line 105, in until\n    raise TimeoutException(message, screen, stacktrace)\n"}, "steps": [{"name": "Найти элемент с ожиданием", "status": "broken", "statusDetails": {"message": "selenium.common.exceptions.TimeoutException: Message: Не найден элемент = ('xpath', \"//p[text()='Выполнено за сегодня:']/following-sibling::p[1]\")\nStacktrace:\n\tGetHandleVerifier [0x00311673+52979]\n\t(No symbol) [0x00297961]\n\t(No symbol) [0x0017DD3D]\n\t(No symbol) [0x001B5FBB]\n\t(No symbol) [0x001B60FB]\n\t(No symbol) [0x001ECF92]\n\t(No symbol) [0x001D4534]\n\t(No symbol) [0x001EB3FE]\n\t(No symbol) [0x001D4286]\n\t(No symbol) [0x001AC063]\n\t(No symbol) [0x001ACECD]\n\tGetHandleVerifier [0x00628D83+3294723]\n\tGetHandleVerifier [0x00666CC2+3548482]\n\tGetHandleVerifier [0x00661C9C+3527964]\n\tGetHandleVerifier [0x003A870E+671630]\n\t(No symbol) [0x002A1EB4]\n\t(No symbol) [0x0029D808]\n\t(No symbol) [0x0029D92D]\n\t(No symbol) [0x0028F7E0]\n\tBaseThreadInitThunk [0x77597BA9+25]\n\tRtlInitializeExceptionChain [0x7788BD2B+107]\n\tRtlClearBits [0x7788BCAF+191]\n\t(No symbol) [0x00000000]\n\n", "trace": "  File \"C:\\Users\\galli\\Diplom\\Diplom_3\\venv\\Lib\\site-packages\\allure_commons\\_allure.py\", line 192, in impl\n    return func(*a, **kw)\n           ^^^^^^^^^^^^^^\n  File \"C:\\Users\\galli\\Diplom\\Diplom_3\\pages\\base_page.py\", line 19, in find_element\n    .until(EC.presence_of_element_located(locator),\n     ^^^^^^^^^^^^^^^^^^^^^^^^^^^^^^^^^^^^^^^^^^^^^^\n  File \"C:\\Users\\galli\\Diplom\\Diplom_3\\venv\\Lib\\site-packages\\selenium\\webdriver\\support\\wait.py\", line 105, in until\n    raise TimeoutException(message, screen, stacktrace)\n"}, "parameters": [{"name": "locator", "value": "('xpath', \"//p[text()='Выполнено за сегодня:']/following-sibling::p[1]\")"}, {"name": "wait_time", "value": "10"}], "start": 1707758623542, "stop": 1707758633693}], "start": 1707758623542, "stop": 1707758633701}], "parameters": [{"name": "driver", "value": "'chrome'"}], "start": 1707758619989, "stop": 1707758633701, "uuid": "5885afb2-9b05-4f1f-a9f8-958af6410d63", "historyId": "7fd858bcb7510b04c5de8fcce4fbf717", "testCaseId": "b074bcb7f975206f2fd1b102da30e1c9", "fullName": "tests.test_order_feed.TestOrderFeedPage#test_when_new_order_is_created_the_completed_counter_for_today_increases", "labels": [{"name": "parentSuite", "value": "tests"}, {"name": "suite", "value": "test_order_feed"}, {"name": "subSuite", "value": "TestOrderFeedPage"}, {"name": "host", "value": "LAPTOP-1KK7H688"}, {"name": "thread", "value": "22776-MainThread"}, {"name": "framework", "value": "pytest"}, {"name": "language", "value": "cpython3"}, {"name": "package", "value": "tests.test_order_feed"}]}