{"name": "После оформления заказа его номер появляется в разделе В работе", "status": "broken", "statusDetails": {"message": "selenium.common.exceptions.TimeoutException: Message:", "trace": "self = <tests.test_order_feed.TestOrderFeedPage object at 0x000001C56C2AB910>\nlog_in = <selenium.webdriver.firefox.webdriver.WebDriver (session=\"332a12a7-c385-49f6-b5f8-4af6b804bcdb\")>\n\n    @allure.title('После оформления заказа его номер появляется в разделе В работе')\n    @allure.description('Логинимся готовым пользователем, создать один заказ, получить id заказа'\n                        'сравнить что полученный id заказа появился в \"Ленте заказов\"'\n                        'в статусе \"В работе\"')\n    def test_after_placing_an_order_its_number_appears_in_the_in_progress_section(self, log_in):\n        page = MainPageHelper(log_in)\n        page.drag_item_to_order()\n        page.click_on_the_place_an_order_button()\n>       page.disappearance_of_invalid_id_in_the_order_id_modal_window()\n\ntests\\test_order_feed.py:72: \n_ _ _ _ _ _ _ _ _ _ _ _ _ _ _ _ _ _ _ _ _ _ _ _ _ _ _ _ _ _ _ _ _ _ _ _ _ _ _ _ _ _ _ _ _ _ _ _ _ _ _ _ _ _ _ _ _ _ _ _ _ _ _ _ _ _ _ _ _ _ _ _ _ _ _ _ _ _ _ _ _ _ _ _ _ _ _ _ _ _\npages\\main_page.py:80: in disappearance_of_invalid_id_in_the_order_id_modal_window\n    self.is_disappeared(\npages\\base_page.py:66: in is_disappeared\n    self.driver, 10).until_not(expected_conditions.text_to_be_present_in_element(locator, text_in_element))\n_ _ _ _ _ _ _ _ _ _ _ _ _ _ _ _ _ _ _ _ _ _ _ _ _ _ _ _ _ _ _ _ _ _ _ _ _ _ _ _ _ _ _ _ _ _ _ _ _ _ _ _ _ _ _ _ _ _ _ _ _ _ _ _ _ _ _ _ _ _ _ _ _ _ _ _ _ _ _ _ _ _ _ _ _ _ _ _ _ _\n\nself = <selenium.webdriver.support.wait.WebDriverWait (session=\"332a12a7-c385-49f6-b5f8-4af6b804bcdb\")>\nmethod = <function text_to_be_present_in_element.<locals>._predicate at 0x000001C56C97D440>, message = ''\n\n    def until_not(self, method: Callable[[D], T], message: str = \"\") -> Union[T, Literal[True]]:\n        \"\"\"Calls the method provided with the driver as an argument until the \\\n        return value evaluates to ``False``.\n    \n        :param method: callable(WebDriver)\n        :param message: optional message for :exc:`TimeoutException`\n        :returns: the result of the last call to `method`, or\n                  ``True`` if `method` has raised one of the ignored exceptions\n        :raises: :exc:`selenium.common.exceptions.TimeoutException` if timeout occurs\n        \"\"\"\n        end_time = time.monotonic() + self._timeout\n        while True:\n            try:\n                value = method(self._driver)\n                if not value:\n                    return value\n            except self._ignored_exceptions:\n                return True\n            time.sleep(self._poll)\n            if time.monotonic() > end_time:\n                break\n>       raise TimeoutException(message)\nE       selenium.common.exceptions.TimeoutException: Message:\n\nvenv\\Lib\\site-packages\\selenium\\webdriver\\support\\wait.py:128: TimeoutException"}, "description": "Логинимся готовым пользователем, создать один заказ, получить id заказасравнить что полученный id заказа появился в \"Ленте заказов\"в статусе \"В работе\"", "steps": [{"name": "Создаем объекта класса BasePage", "status": "passed", "parameters": [{"name": "driver", "value": "<selenium.webdriver.firefox.webdriver.WebDriver (session=\"332a12a7-c385-49f6-b5f8-4af6b804bcdb\")>"}], "start": 1707758644777, "stop": 1707758644777}, {"name": "Перемещение элемента в заказ", "status": "passed", "steps": [{"name": "Найти элемент с ожиданием", "status": "passed", "parameters": [{"name": "locator", "value": "('xpath', \".//a[@href='/ingredient/61c0c5a71d1f82001bdaaa6d']\")"}, {"name": "wait_time", "value": "10"}], "start": 1707758644777, "stop": 1707758644786}, {"name": "Найти элемент с ожиданием", "status": "passed", "parameters": [{"name": "locator", "value": "('xpath', \".//ul[@class='BurgerConstructor_basket__list__l9dp_']\")"}, {"name": "wait_time", "value": "10"}], "start": 1707758644786, "stop": 1707758644789}, {"name": "Переместить элемент на другое место на странице", "status": "passed", "parameters": [{"name": "element_to_drag", "value": "<selenium.webdriver.remote.webelement.WebElement (session=\"332a12a7-c385-49f6-b5f8-4af6b804bcdb\", element=\"54d1d71d-3207-4f31-bd7d-b6ce9326f329\")>"}, {"name": "target_location", "value": "<selenium.webdriver.remote.webelement.WebElement (session=\"332a12a7-c385-49f6-b5f8-4af6b804bcdb\", element=\"d00825ad-33e7-486b-813e-eff3b70ee071\")>"}], "start": 1707758644789, "stop": 1707758645346}], "start": 1707758644777, "stop": 1707758645346}, {"name": "Кликнуть по кнопке 'Оформить заказ'", "status": "passed", "steps": [{"name": "Ожидание и клик по элементу", "status": "passed", "steps": [{"name": "Найти элемент с ожиданием", "status": "passed", "parameters": [{"name": "locator", "value": "('xpath', \".//button[text()='Оформить заказ']\")"}, {"name": "wait_time", "value": "10"}], "start": 1707758645347, "stop": 1707758645351}], "parameters": [{"name": "locator", "value": "('xpath', \".//button[text()='Оформить заказ']\")"}, {"name": "wait_time", "value": "10"}], "start": 1707758645347, "stop": 1707758645561}], "start": 1707758645347, "stop": 1707758645561}, {"name": "Ожидаем исчезновения id 99999 в модальном окне 'Идентификатор заказа'", "status": "broken", "statusDetails": {"message": "selenium.common.exceptions.TimeoutException: Message: \n\n", "trace": "  File \"C:\\Users\\galli\\Diplom\\Diplom_3\\venv\\Lib\\site-packages\\allure_commons\\_allure.py\", line 192, in impl\n    return func(*a, **kw)\n           ^^^^^^^^^^^^^^\n  File \"C:\\Users\\galli\\Diplom\\Diplom_3\\pages\\main_page.py\", line 80, in disappearance_of_invalid_id_in_the_order_id_modal_window\n    self.is_disappeared(\n  File \"C:\\Users\\galli\\Diplom\\Diplom_3\\venv\\Lib\\site-packages\\allure_commons\\_allure.py\", line 192, in impl\n    return func(*a, **kw)\n           ^^^^^^^^^^^^^^\n  File \"C:\\Users\\galli\\Diplom\\Diplom_3\\pages\\base_page.py\", line 66, in is_disappeared\n    self.driver, 10).until_not(expected_conditions.text_to_be_present_in_element(locator, text_in_element))\n                     ^^^^^^^^^^^^^^^^^^^^^^^^^^^^^^^^^^^^^^^^^^^^^^^^^^^^^^^^^^^^^^^^^^^^^^^^^^^^^^^^^^^^^^\n  File \"C:\\Users\\galli\\Diplom\\Diplom_3\\venv\\Lib\\site-packages\\selenium\\webdriver\\support\\wait.py\", line 128, in until_not\n    raise TimeoutException(message)\n"}, "steps": [{"name": "Ожидаем исчезновения текста в элементе", "status": "broken", "statusDetails": {"message": "selenium.common.exceptions.TimeoutException: Message: \n\n", "trace": "  File \"C:\\Users\\galli\\Diplom\\Diplom_3\\venv\\Lib\\site-packages\\allure_commons\\_allure.py\", line 192, in impl\n    return func(*a, **kw)\n           ^^^^^^^^^^^^^^\n  File \"C:\\Users\\galli\\Diplom\\Diplom_3\\pages\\base_page.py\", line 66, in is_disappeared\n    self.driver, 10).until_not(expected_conditions.text_to_be_present_in_element(locator, text_in_element))\n                     ^^^^^^^^^^^^^^^^^^^^^^^^^^^^^^^^^^^^^^^^^^^^^^^^^^^^^^^^^^^^^^^^^^^^^^^^^^^^^^^^^^^^^^\n  File \"C:\\Users\\galli\\Diplom\\Diplom_3\\venv\\Lib\\site-packages\\selenium\\webdriver\\support\\wait.py\", line 128, in until_not\n    raise TimeoutException(message)\n"}, "parameters": [{"name": "locator", "value": "('xpath', \".//h2[@class='Modal_modal__title_shadow__3ikwq Modal_modal__title__2L34m text text_type_digits-large mb-8']\")"}, {"name": "text_in_element", "value": "'9999'"}], "start": 1707758645562, "stop": 1707758655776}], "start": 1707758645562, "stop": 1707758655776}], "parameters": [{"name": "driver", "value": "'firefox'"}], "start": 1707758644777, "stop": 1707758655776, "uuid": "1248afe7-3cb1-4dfd-b946-0a0918a1e951", "historyId": "f28a033790a30bd09151de1c5460758e", "testCaseId": "eb84a3b28382fca9a99d32acb4d95f87", "fullName": "tests.test_order_feed.TestOrderFeedPage#test_after_placing_an_order_its_number_appears_in_the_in_progress_section", "labels": [{"name": "parentSuite", "value": "tests"}, {"name": "suite", "value": "test_order_feed"}, {"name": "subSuite", "value": "TestOrderFeedPage"}, {"name": "host", "value": "LAPTOP-1KK7H688"}, {"name": "thread", "value": "22776-MainThread"}, {"name": "framework", "value": "pytest"}, {"name": "language", "value": "cpython3"}, {"name": "package", "value": "tests.test_order_feed"}]}